2023-11-22T10:22:56.653+07:00  INFO 14924 --- [restartedMain] c.shopme.admin.ShopmeBackendApplication  : Starting ShopmeBackendApplication using Java 19 with PID 14924 (C:\Users\nguye\OneDrive\Desktop\Spring Inte\ShopmeProject\ShopmeWebParent\ShopmeBackend\target\classes started by nguye in C:\Users\nguye\OneDrive\Desktop\Spring Inte\ShopmeProject)
2023-11-22T10:22:56.655+07:00  INFO 14924 --- [restartedMain] c.shopme.admin.ShopmeBackendApplication  : No active profile set, falling back to 1 default profile: "default"
2023-11-22T10:22:56.686+07:00  INFO 14924 --- [restartedMain] .e.DevToolsPropertyDefaultsPostProcessor : Devtools property defaults active! Set 'spring.devtools.add-properties' to 'false' to disable
2023-11-22T10:22:56.693+07:00  INFO 14924 --- [restartedMain] .e.DevToolsPropertyDefaultsPostProcessor : For additional web related logging consider setting the 'logging.level.web' property to 'DEBUG'
2023-11-22T10:22:57.166+07:00  INFO 14924 --- [restartedMain] .s.d.r.c.RepositoryConfigurationDelegate : Bootstrapping Spring Data JPA repositories in DEFAULT mode.
2023-11-22T10:22:57.209+07:00  INFO 14924 --- [restartedMain] .s.d.r.c.RepositoryConfigurationDelegate : Finished Spring Data repository scanning in 38 ms. Found 2 JPA repository interfaces.
2023-11-22T10:22:57.601+07:00  INFO 14924 --- [restartedMain] o.s.b.w.embedded.tomcat.TomcatWebServer  : Tomcat initialized with port(s): 8080 (http)
2023-11-22T10:22:57.607+07:00  INFO 14924 --- [restartedMain] o.apache.catalina.core.StandardService   : Starting service [Tomcat]
2023-11-22T10:22:57.607+07:00  INFO 14924 --- [restartedMain] o.apache.catalina.core.StandardEngine    : Starting Servlet engine: [Apache Tomcat/10.1.12]
2023-11-22T10:22:57.657+07:00  INFO 14924 --- [restartedMain] o.a.c.c.C.[.[localhost].[/ShopmeAdmin]   : Initializing Spring embedded WebApplicationContext
2023-11-22T10:22:57.658+07:00  INFO 14924 --- [restartedMain] w.s.c.ServletWebServerApplicationContext : Root WebApplicationContext: initialization completed in 964 ms
2023-11-22T10:22:57.696+07:00  WARN 14924 --- [restartedMain] o.a.c.c.C.[.[localhost].[/ShopmeAdmin]   : Cannot deserialize session attribute [SPRING_SECURITY_CONTEXT] for session [7997A9AA2FD426B946CF54EC676D0711]
2023-11-22T10:22:57.772+07:00  INFO 14924 --- [restartedMain] o.hibernate.jpa.internal.util.LogHelper  : HHH000204: Processing PersistenceUnitInfo [name: default]
2023-11-22T10:22:57.809+07:00  INFO 14924 --- [restartedMain] org.hibernate.Version                    : HHH000412: Hibernate ORM core version 6.2.7.Final
2023-11-22T10:22:57.811+07:00  INFO 14924 --- [restartedMain] org.hibernate.cfg.Environment            : HHH000406: Using bytecode reflection optimizer
2023-11-22T10:22:57.909+07:00  INFO 14924 --- [restartedMain] o.h.b.i.BytecodeProviderInitiator        : HHH000021: Bytecode provider name : bytebuddy
2023-11-22T10:22:58.013+07:00  INFO 14924 --- [restartedMain] o.s.o.j.p.SpringPersistenceUnitInfo      : No LoadTimeWeaver setup: ignoring JPA class transformer
2023-11-22T10:22:58.027+07:00  INFO 14924 --- [restartedMain] com.zaxxer.hikari.HikariDataSource       : HikariPool-1 - Starting...
2023-11-22T10:22:58.215+07:00  INFO 14924 --- [restartedMain] com.zaxxer.hikari.pool.HikariPool        : HikariPool-1 - Added connection com.mysql.cj.jdbc.ConnectionImpl@10c74555
2023-11-22T10:22:58.216+07:00  INFO 14924 --- [restartedMain] com.zaxxer.hikari.HikariDataSource       : HikariPool-1 - Start completed.
2023-11-22T10:22:58.251+07:00  WARN 14924 --- [restartedMain] org.hibernate.orm.deprecation            : HHH90000026: MySQL8Dialect has been deprecated; use org.hibernate.dialect.MySQLDialect instead
2023-11-22T10:22:58.408+07:00  INFO 14924 --- [restartedMain] o.h.b.i.BytecodeProviderInitiator        : HHH000021: Bytecode provider name : bytebuddy
2023-11-22T10:22:58.931+07:00  INFO 14924 --- [restartedMain] o.h.e.t.j.p.i.JtaPlatformInitiator       : HHH000490: Using JtaPlatform implementation: [org.hibernate.engine.transaction.jta.platform.internal.NoJtaPlatform]
2023-11-22T10:22:59.002+07:00  INFO 14924 --- [restartedMain] j.LocalContainerEntityManagerFactoryBean : Initialized JPA EntityManagerFactory for persistence unit 'default'
2023-11-22T10:22:59.247+07:00  INFO 14924 --- [restartedMain] o.s.d.j.r.query.QueryEnhancerFactory     : Hibernate is in classpath; If applicable, HQL parser will be used.
2023-11-22T10:22:59.644+07:00  WARN 14924 --- [restartedMain] JpaBaseConfiguration$JpaWebConfiguration : spring.jpa.open-in-view is enabled by default. Therefore, database queries may be performed during view rendering. Explicitly configure spring.jpa.open-in-view to disable this warning
2023-11-22T10:22:59.722+07:00  INFO 14924 --- [restartedMain] o.s.b.a.w.s.WelcomePageHandlerMapping    : Adding welcome page template: index
2023-11-22T10:23:00.041+07:00  INFO 14924 --- [restartedMain] o.s.s.web.DefaultSecurityFilterChain     : Will secure any request with [org.springframework.security.web.session.DisableEncodeUrlFilter@253868fd, org.springframework.security.web.context.request.async.WebAsyncManagerIntegrationFilter@6abfb865, org.springframework.security.web.context.SecurityContextHolderFilter@1f21693f, org.springframework.security.web.header.HeaderWriterFilter@4015389f, org.springframework.security.web.csrf.CsrfFilter@14ae2e40, org.springframework.security.web.authentication.logout.LogoutFilter@7aa84b0f, org.springframework.security.web.authentication.UsernamePasswordAuthenticationFilter@427dd56f, org.springframework.security.web.savedrequest.RequestCacheAwareFilter@2a7401fa, org.springframework.security.web.servletapi.SecurityContextHolderAwareRequestFilter@2bafa2a5, org.springframework.security.web.authentication.rememberme.RememberMeAuthenticationFilter@251f3ac8, org.springframework.security.web.authentication.AnonymousAuthenticationFilter@362a0680, org.springframework.security.web.access.ExceptionTranslationFilter@5ebe0154, org.springframework.security.web.access.intercept.AuthorizationFilter@6ed85521]
2023-11-22T10:23:00.043+07:00  WARN 14924 --- [restartedMain] o.s.s.c.a.web.builders.WebSecurity       : You are asking Spring Security to ignore Mvc [pattern='/images/**']. This is not recommended -- please use permitAll via HttpSecurity#authorizeHttpRequests instead.
2023-11-22T10:23:00.043+07:00  INFO 14924 --- [restartedMain] o.s.s.web.DefaultSecurityFilterChain     : Will not secure Mvc [pattern='/images/**']
2023-11-22T10:23:00.043+07:00  WARN 14924 --- [restartedMain] o.s.s.c.a.web.builders.WebSecurity       : You are asking Spring Security to ignore Mvc [pattern='/js/**']. This is not recommended -- please use permitAll via HttpSecurity#authorizeHttpRequests instead.
2023-11-22T10:23:00.043+07:00  INFO 14924 --- [restartedMain] o.s.s.web.DefaultSecurityFilterChain     : Will not secure Mvc [pattern='/js/**']
2023-11-22T10:23:00.043+07:00  WARN 14924 --- [restartedMain] o.s.s.c.a.web.builders.WebSecurity       : You are asking Spring Security to ignore Mvc [pattern='/webjars/**']. This is not recommended -- please use permitAll via HttpSecurity#authorizeHttpRequests instead.
2023-11-22T10:23:00.043+07:00  INFO 14924 --- [restartedMain] o.s.s.web.DefaultSecurityFilterChain     : Will not secure Mvc [pattern='/webjars/**']
2023-11-22T10:23:00.043+07:00  WARN 14924 --- [restartedMain] o.s.s.c.a.web.builders.WebSecurity       : You are asking Spring Security to ignore Mvc [pattern='/fontawesome/**']. This is not recommended -- please use permitAll via HttpSecurity#authorizeHttpRequests instead.
2023-11-22T10:23:00.043+07:00  INFO 14924 --- [restartedMain] o.s.s.web.DefaultSecurityFilterChain     : Will not secure Mvc [pattern='/fontawesome/**']
2023-11-22T10:23:00.043+07:00  WARN 14924 --- [restartedMain] o.s.s.c.a.web.builders.WebSecurity       : You are asking Spring Security to ignore Mvc [pattern='/webfonts/**']. This is not recommended -- please use permitAll via HttpSecurity#authorizeHttpRequests instead.
2023-11-22T10:23:00.043+07:00  INFO 14924 --- [restartedMain] o.s.s.web.DefaultSecurityFilterChain     : Will not secure Mvc [pattern='/webfonts/**']
2023-11-22T10:23:00.232+07:00  INFO 14924 --- [restartedMain] o.s.b.d.a.OptionalLiveReloadServer       : LiveReload server is running on port 35729
2023-11-22T10:23:00.264+07:00  INFO 14924 --- [restartedMain] o.s.b.w.embedded.tomcat.TomcatWebServer  : Tomcat started on port(s): 8080 (http) with context path '/ShopmeAdmin'
2023-11-22T10:23:00.272+07:00  INFO 14924 --- [restartedMain] c.shopme.admin.ShopmeBackendApplication  : Started ShopmeBackendApplication in 3.916 seconds (process running for 4.495)
2023-11-22T10:23:43.833+07:00  INFO 14924 --- [File Watcher] rtingClassPathChangeChangedEventListener : Restarting due to 1 class path change (0 additions, 0 deletions, 1 modification)
2023-11-22T10:23:43.841+07:00  INFO 14924 --- [Thread-5] o.apache.catalina.core.StandardService   : Stopping service [Tomcat]
2023-11-22T10:23:43.847+07:00  INFO 14924 --- [Thread-5] j.LocalContainerEntityManagerFactoryBean : Closing JPA EntityManagerFactory for persistence unit 'default'
2023-11-22T10:23:43.849+07:00  INFO 14924 --- [Thread-5] com.zaxxer.hikari.HikariDataSource       : HikariPool-1 - Shutdown initiated...
2023-11-22T10:23:43.853+07:00  INFO 14924 --- [Thread-5] com.zaxxer.hikari.HikariDataSource       : HikariPool-1 - Shutdown completed.
2023-11-22T10:23:43.902+07:00  INFO 14924 --- [restartedMain] c.shopme.admin.ShopmeBackendApplication  : Starting ShopmeBackendApplication using Java 19 with PID 14924 (C:\Users\nguye\OneDrive\Desktop\Spring Inte\ShopmeProject\ShopmeWebParent\ShopmeBackend\target\classes started by nguye in C:\Users\nguye\OneDrive\Desktop\Spring Inte\ShopmeProject)
2023-11-22T10:23:43.903+07:00  INFO 14924 --- [restartedMain] c.shopme.admin.ShopmeBackendApplication  : No active profile set, falling back to 1 default profile: "default"
2023-11-22T10:23:44.086+07:00  INFO 14924 --- [restartedMain] .s.d.r.c.RepositoryConfigurationDelegate : Bootstrapping Spring Data JPA repositories in DEFAULT mode.
2023-11-22T10:23:44.100+07:00  INFO 14924 --- [restartedMain] .s.d.r.c.RepositoryConfigurationDelegate : Finished Spring Data repository scanning in 13 ms. Found 2 JPA repository interfaces.
2023-11-22T10:23:44.182+07:00  INFO 14924 --- [restartedMain] o.s.b.w.embedded.tomcat.TomcatWebServer  : Tomcat initialized with port(s): 8080 (http)
2023-11-22T10:23:44.182+07:00  INFO 14924 --- [restartedMain] o.apache.catalina.core.StandardService   : Starting service [Tomcat]
2023-11-22T10:23:44.183+07:00  INFO 14924 --- [restartedMain] o.apache.catalina.core.StandardEngine    : Starting Servlet engine: [Apache Tomcat/10.1.12]
2023-11-22T10:23:44.204+07:00  INFO 14924 --- [restartedMain] o.a.c.c.C.[.[localhost].[/ShopmeAdmin]   : Initializing Spring embedded WebApplicationContext
2023-11-22T10:23:44.205+07:00  INFO 14924 --- [restartedMain] w.s.c.ServletWebServerApplicationContext : Root WebApplicationContext: initialization completed in 300 ms
2023-11-22T10:23:44.236+07:00  INFO 14924 --- [restartedMain] o.hibernate.jpa.internal.util.LogHelper  : HHH000204: Processing PersistenceUnitInfo [name: default]
2023-11-22T10:23:44.243+07:00  INFO 14924 --- [restartedMain] o.h.b.i.BytecodeProviderInitiator        : HHH000021: Bytecode provider name : bytebuddy
2023-11-22T10:23:44.243+07:00  INFO 14924 --- [restartedMain] o.s.o.j.p.SpringPersistenceUnitInfo      : No LoadTimeWeaver setup: ignoring JPA class transformer
2023-11-22T10:23:44.244+07:00  INFO 14924 --- [restartedMain] com.zaxxer.hikari.HikariDataSource       : HikariPool-2 - Starting...
2023-11-22T10:23:44.255+07:00  INFO 14924 --- [restartedMain] com.zaxxer.hikari.pool.HikariPool        : HikariPool-2 - Added connection com.mysql.cj.jdbc.ConnectionImpl@5ea4e21b
2023-11-22T10:23:44.255+07:00  INFO 14924 --- [restartedMain] com.zaxxer.hikari.HikariDataSource       : HikariPool-2 - Start completed.
2023-11-22T10:23:44.256+07:00  WARN 14924 --- [restartedMain] org.hibernate.orm.deprecation            : HHH90000026: MySQL8Dialect has been deprecated; use org.hibernate.dialect.MySQLDialect instead
2023-11-22T10:23:44.264+07:00  INFO 14924 --- [restartedMain] o.h.b.i.BytecodeProviderInitiator        : HHH000021: Bytecode provider name : bytebuddy
2023-11-22T10:23:44.291+07:00  INFO 14924 --- [restartedMain] o.h.e.t.j.p.i.JtaPlatformInitiator       : HHH000490: Using JtaPlatform implementation: [org.hibernate.engine.transaction.jta.platform.internal.NoJtaPlatform]
2023-11-22T10:23:44.308+07:00  INFO 14924 --- [restartedMain] j.LocalContainerEntityManagerFactoryBean : Initialized JPA EntityManagerFactory for persistence unit 'default'
2023-11-22T10:23:44.395+07:00  WARN 14924 --- [restartedMain] JpaBaseConfiguration$JpaWebConfiguration : spring.jpa.open-in-view is enabled by default. Therefore, database queries may be performed during view rendering. Explicitly configure spring.jpa.open-in-view to disable this warning
2023-11-22T10:23:44.410+07:00  INFO 14924 --- [restartedMain] o.s.b.a.w.s.WelcomePageHandlerMapping    : Adding welcome page template: index
2023-11-22T10:23:44.580+07:00  INFO 14924 --- [restartedMain] o.s.s.web.DefaultSecurityFilterChain     : Will secure any request with [org.springframework.security.web.session.DisableEncodeUrlFilter@66ae1a6, org.springframework.security.web.context.request.async.WebAsyncManagerIntegrationFilter@68edcbcd, org.springframework.security.web.context.SecurityContextHolderFilter@5b51cf21, org.springframework.security.web.header.HeaderWriterFilter@3e326307, org.springframework.security.web.csrf.CsrfFilter@724276e4, org.springframework.security.web.authentication.logout.LogoutFilter@4eec9f3a, org.springframework.security.web.authentication.UsernamePasswordAuthenticationFilter@49aa6fee, org.springframework.security.web.savedrequest.RequestCacheAwareFilter@3a4567f9, org.springframework.security.web.servletapi.SecurityContextHolderAwareRequestFilter@36961430, org.springframework.security.web.authentication.rememberme.RememberMeAuthenticationFilter@63953cae, org.springframework.security.web.authentication.AnonymousAuthenticationFilter@72220c21, org.springframework.security.web.access.ExceptionTranslationFilter@1b02ebba, org.springframework.security.web.access.intercept.AuthorizationFilter@59b6fbf5]
2023-11-22T10:23:44.582+07:00  WARN 14924 --- [restartedMain] o.s.s.c.a.web.builders.WebSecurity       : You are asking Spring Security to ignore Mvc [pattern='/images/**']. This is not recommended -- please use permitAll via HttpSecurity#authorizeHttpRequests instead.
2023-11-22T10:23:44.582+07:00  INFO 14924 --- [restartedMain] o.s.s.web.DefaultSecurityFilterChain     : Will not secure Mvc [pattern='/images/**']
2023-11-22T10:23:44.582+07:00  WARN 14924 --- [restartedMain] o.s.s.c.a.web.builders.WebSecurity       : You are asking Spring Security to ignore Mvc [pattern='/js/**']. This is not recommended -- please use permitAll via HttpSecurity#authorizeHttpRequests instead.
2023-11-22T10:23:44.582+07:00  INFO 14924 --- [restartedMain] o.s.s.web.DefaultSecurityFilterChain     : Will not secure Mvc [pattern='/js/**']
2023-11-22T10:23:44.582+07:00  WARN 14924 --- [restartedMain] o.s.s.c.a.web.builders.WebSecurity       : You are asking Spring Security to ignore Mvc [pattern='/webjars/**']. This is not recommended -- please use permitAll via HttpSecurity#authorizeHttpRequests instead.
2023-11-22T10:23:44.583+07:00  INFO 14924 --- [restartedMain] o.s.s.web.DefaultSecurityFilterChain     : Will not secure Mvc [pattern='/webjars/**']
2023-11-22T10:23:44.583+07:00  WARN 14924 --- [restartedMain] o.s.s.c.a.web.builders.WebSecurity       : You are asking Spring Security to ignore Mvc [pattern='/fontawesome/**']. This is not recommended -- please use permitAll via HttpSecurity#authorizeHttpRequests instead.
2023-11-22T10:23:44.583+07:00  INFO 14924 --- [restartedMain] o.s.s.web.DefaultSecurityFilterChain     : Will not secure Mvc [pattern='/fontawesome/**']
2023-11-22T10:23:44.583+07:00  WARN 14924 --- [restartedMain] o.s.s.c.a.web.builders.WebSecurity       : You are asking Spring Security to ignore Mvc [pattern='/webfonts/**']. This is not recommended -- please use permitAll via HttpSecurity#authorizeHttpRequests instead.
2023-11-22T10:23:44.583+07:00  INFO 14924 --- [restartedMain] o.s.s.web.DefaultSecurityFilterChain     : Will not secure Mvc [pattern='/webfonts/**']
2023-11-22T10:23:44.624+07:00  INFO 14924 --- [restartedMain] o.s.b.d.a.OptionalLiveReloadServer       : LiveReload server is running on port 35729
2023-11-22T10:23:44.634+07:00  INFO 14924 --- [restartedMain] o.s.b.w.embedded.tomcat.TomcatWebServer  : Tomcat started on port(s): 8080 (http) with context path '/ShopmeAdmin'
2023-11-22T10:23:44.637+07:00  INFO 14924 --- [restartedMain] c.shopme.admin.ShopmeBackendApplication  : Started ShopmeBackendApplication in 0.755 seconds (process running for 48.859)
2023-11-22T10:23:44.639+07:00  INFO 14924 --- [restartedMain] .ConditionEvaluationDeltaLoggingListener : Condition evaluation unchanged
2023-11-22T10:23:55.983+07:00  INFO 14924 --- [http-nio-8080-exec-1] o.a.c.c.C.[.[localhost].[/ShopmeAdmin]   : Initializing Spring DispatcherServlet 'dispatcherServlet'
2023-11-22T10:23:55.983+07:00  INFO 14924 --- [http-nio-8080-exec-1] o.s.web.servlet.DispatcherServlet        : Initializing Servlet 'dispatcherServlet'
2023-11-22T10:23:55.984+07:00  INFO 14924 --- [http-nio-8080-exec-1] o.s.web.servlet.DispatcherServlet        : Completed initialization in 1 ms
2023-11-22T10:24:00.621+07:00  WARN 14924 --- [http-nio-8080-exec-9] actStandardFragmentInsertionTagProcessor : [THYMELEAF][http-nio-8080-exec-9][error/404] Deprecated unwrapped fragment expression "navigation :: menu" found in template error/404, line 28, col 8. Please use the complete syntax of fragment expressions instead ("~{navigation :: menu}"). The old, unwrapped syntax for fragment expressions will be removed in future versions of Thymeleaf.
2023-11-22T10:24:00.661+07:00  WARN 14924 --- [http-nio-8080-exec-9] actStandardFragmentInsertionTagProcessor : [THYMELEAF][http-nio-8080-exec-9][error/404] Deprecated unwrapped fragment expression "fragments :: footer" found in template error/404, line 34, col 8. Please use the complete syntax of fragment expressions instead ("~{fragments :: footer}"). The old, unwrapped syntax for fragment expressions will be removed in future versions of Thymeleaf.
2023-11-22T10:24:04.889+07:00  WARN 14924 --- [http-nio-8080-exec-1] actStandardFragmentInsertionTagProcessor : [THYMELEAF][http-nio-8080-exec-1][users/users] Deprecated unwrapped fragment expression "navigation :: menu" found in template users/users, line 35, col 10. Please use the complete syntax of fragment expressions instead ("~{navigation :: menu}"). The old, unwrapped syntax for fragment expressions will be removed in future versions of Thymeleaf.
2023-11-22T10:24:04.910+07:00  WARN 14924 --- [http-nio-8080-exec-1] actStandardFragmentInsertionTagProcessor : [THYMELEAF][http-nio-8080-exec-1][users/users] Deprecated unwrapped fragment expression "fragments :: column_link('id', 'User ID', 'tag')" found in template users/users, line 81, col 29. Please use the complete syntax of fragment expressions instead ("~{fragments :: column_link('id', 'User ID', 'tag')}"). The old, unwrapped syntax for fragment expressions will be removed in future versions of Thymeleaf.
2023-11-22T10:24:04.917+07:00  WARN 14924 --- [http-nio-8080-exec-1] actStandardFragmentInsertionTagProcessor : [THYMELEAF][http-nio-8080-exec-1][users/users] Deprecated unwrapped fragment expression "fragments :: column_link('email', 'Email', 'tag')" found in template users/users, line 85, col 29. Please use the complete syntax of fragment expressions instead ("~{fragments :: column_link('email', 'Email', 'tag')}"). The old, unwrapped syntax for fragment expressions will be removed in future versions of Thymeleaf.
2023-11-22T10:24:04.919+07:00  WARN 14924 --- [http-nio-8080-exec-1] actStandardFragmentInsertionTagProcessor : [THYMELEAF][http-nio-8080-exec-1][users/users] Deprecated unwrapped fragment expression "fragments :: column_link('firstName', 'First Name', 'none')" found in template users/users, line 87, col 25. Please use the complete syntax of fragment expressions instead ("~{fragments :: column_link('firstName', 'First Name', 'none')}"). The old, unwrapped syntax for fragment expressions will be removed in future versions of Thymeleaf.
2023-11-22T10:24:04.921+07:00  WARN 14924 --- [http-nio-8080-exec-1] actStandardFragmentInsertionTagProcessor : [THYMELEAF][http-nio-8080-exec-1][users/users] Deprecated unwrapped fragment expression "fragments :: column_link('lastName', 'Last Name', 'none')" found in template users/users, line 88, col 25. Please use the complete syntax of fragment expressions instead ("~{fragments :: column_link('lastName', 'Last Name', 'none')}"). The old, unwrapped syntax for fragment expressions will be removed in future versions of Thymeleaf.
2023-11-22T10:24:04.951+07:00  WARN 14924 --- [http-nio-8080-exec-1] actStandardFragmentInsertionTagProcessor : [THYMELEAF][http-nio-8080-exec-1][users/users] Deprecated unwrapped fragment expression "fragments :: page_link(1, 'First')" found in template users/users, line 170, col 24. Please use the complete syntax of fragment expressions instead ("~{fragments :: page_link(1, 'First')}"). The old, unwrapped syntax for fragment expressions will be removed in future versions of Thymeleaf.
2023-11-22T10:24:04.954+07:00  WARN 14924 --- [http-nio-8080-exec-1] actStandardFragmentInsertionTagProcessor : [THYMELEAF][http-nio-8080-exec-1][users/users] Deprecated unwrapped fragment expression "fragments :: page_link(${currentPage - 1}, '«')" found in template users/users, line 173, col 24. Please use the complete syntax of fragment expressions instead ("~{fragments :: page_link(${currentPage - 1}, '«')}"). The old, unwrapped syntax for fragment expressions will be removed in future versions of Thymeleaf.
2023-11-22T10:24:04.959+07:00  WARN 14924 --- [http-nio-8080-exec-1] actStandardFragmentInsertionTagProcessor : [THYMELEAF][http-nio-8080-exec-1][users/users] Deprecated unwrapped fragment expression "fragments :: page_link(${i}, ${i})" found in template users/users, line 177, col 24. Please use the complete syntax of fragment expressions instead ("~{fragments :: page_link(${i}, ${i})}"). The old, unwrapped syntax for fragment expressions will be removed in future versions of Thymeleaf.
2023-11-22T10:24:04.961+07:00  WARN 14924 --- [http-nio-8080-exec-1] actStandardFragmentInsertionTagProcessor : [THYMELEAF][http-nio-8080-exec-1][users/users] Deprecated unwrapped fragment expression "fragments :: page_link(${i}, ${i})" found in template users/users, line 177, col 24. Please use the complete syntax of fragment expressions instead ("~{fragments :: page_link(${i}, ${i})}"). The old, unwrapped syntax for fragment expressions will be removed in future versions of Thymeleaf.
2023-11-22T10:24:04.963+07:00  WARN 14924 --- [http-nio-8080-exec-1] actStandardFragmentInsertionTagProcessor : [THYMELEAF][http-nio-8080-exec-1][users/users] Deprecated unwrapped fragment expression "fragments :: page_link(${currentPage + 1}, '»')" found in template users/users, line 181, col 24. Please use the complete syntax of fragment expressions instead ("~{fragments :: page_link(${currentPage + 1}, '»')}"). The old, unwrapped syntax for fragment expressions will be removed in future versions of Thymeleaf.
2023-11-22T10:24:04.965+07:00  WARN 14924 --- [http-nio-8080-exec-1] actStandardFragmentInsertionTagProcessor : [THYMELEAF][http-nio-8080-exec-1][users/users] Deprecated unwrapped fragment expression "fragments :: page_link(${totalPage}, 'Last')" found in template users/users, line 185, col 24. Please use the complete syntax of fragment expressions instead ("~{fragments :: page_link(${totalPage}, 'Last')}"). The old, unwrapped syntax for fragment expressions will be removed in future versions of Thymeleaf.
2023-11-22T10:24:04.968+07:00  WARN 14924 --- [http-nio-8080-exec-1] actStandardFragmentInsertionTagProcessor : [THYMELEAF][http-nio-8080-exec-1][users/users] Deprecated unwrapped fragment expression "fragments :: footer" found in template users/users, line 211, col 10. Please use the complete syntax of fragment expressions instead ("~{fragments :: footer}"). The old, unwrapped syntax for fragment expressions will be removed in future versions of Thymeleaf.
2023-11-22T10:24:12.965+07:00  INFO 14924 --- [SpringApplicationShutdownHook] j.LocalContainerEntityManagerFactoryBean : Closing JPA EntityManagerFactory for persistence unit 'default'
2023-11-22T10:24:12.966+07:00  INFO 14924 --- [SpringApplicationShutdownHook] com.zaxxer.hikari.HikariDataSource       : HikariPool-2 - Shutdown initiated...
2023-11-22T10:24:12.969+07:00  INFO 14924 --- [SpringApplicationShutdownHook] com.zaxxer.hikari.HikariDataSource       : HikariPool-2 - Shutdown completed.
2023-11-22T10:27:07.631+07:00  INFO 15936 --- [restartedMain] c.shopme.admin.ShopmeBackendApplication  : Starting ShopmeBackendApplication using Java 19 with PID 15936 (C:\Users\nguye\OneDrive\Desktop\Spring Inte\ShopmeProject\ShopmeWebParent\ShopmeBackend\target\classes started by nguye in C:\Users\nguye\OneDrive\Desktop\Spring Inte\ShopmeProject)
2023-11-22T10:27:07.632+07:00  INFO 15936 --- [restartedMain] c.shopme.admin.ShopmeBackendApplication  : No active profile set, falling back to 1 default profile: "default"
2023-11-22T10:27:07.665+07:00  INFO 15936 --- [restartedMain] .e.DevToolsPropertyDefaultsPostProcessor : Devtools property defaults active! Set 'spring.devtools.add-properties' to 'false' to disable
2023-11-22T10:27:07.665+07:00  INFO 15936 --- [restartedMain] .e.DevToolsPropertyDefaultsPostProcessor : For additional web related logging consider setting the 'logging.level.web' property to 'DEBUG'
2023-11-22T10:27:08.156+07:00  INFO 15936 --- [restartedMain] .s.d.r.c.RepositoryConfigurationDelegate : Bootstrapping Spring Data JPA repositories in DEFAULT mode.
2023-11-22T10:27:08.200+07:00  INFO 15936 --- [restartedMain] .s.d.r.c.RepositoryConfigurationDelegate : Finished Spring Data repository scanning in 38 ms. Found 2 JPA repository interfaces.
2023-11-22T10:27:08.618+07:00  INFO 15936 --- [restartedMain] o.s.b.w.embedded.tomcat.TomcatWebServer  : Tomcat initialized with port(s): 8080 (http)
2023-11-22T10:27:08.624+07:00  INFO 15936 --- [restartedMain] o.apache.catalina.core.StandardService   : Starting service [Tomcat]
2023-11-22T10:27:08.625+07:00  INFO 15936 --- [restartedMain] o.apache.catalina.core.StandardEngine    : Starting Servlet engine: [Apache Tomcat/10.1.12]
2023-11-22T10:27:08.671+07:00  INFO 15936 --- [restartedMain] o.a.c.c.C.[.[localhost].[/ShopmeAdmin]   : Initializing Spring embedded WebApplicationContext
2023-11-22T10:27:08.671+07:00  INFO 15936 --- [restartedMain] w.s.c.ServletWebServerApplicationContext : Root WebApplicationContext: initialization completed in 1006 ms
2023-11-22T10:27:08.713+07:00  WARN 15936 --- [restartedMain] o.a.c.c.C.[.[localhost].[/ShopmeAdmin]   : Cannot deserialize session attribute [SPRING_SECURITY_CONTEXT] for session [71557EC1CC98423779BBFC871D20FC9E]
2023-11-22T10:27:08.800+07:00  INFO 15936 --- [restartedMain] o.hibernate.jpa.internal.util.LogHelper  : HHH000204: Processing PersistenceUnitInfo [name: default]
2023-11-22T10:27:08.848+07:00  INFO 15936 --- [restartedMain] org.hibernate.Version                    : HHH000412: Hibernate ORM core version 6.2.7.Final
2023-11-22T10:27:08.850+07:00  INFO 15936 --- [restartedMain] org.hibernate.cfg.Environment            : HHH000406: Using bytecode reflection optimizer
2023-11-22T10:27:08.969+07:00  INFO 15936 --- [restartedMain] o.h.b.i.BytecodeProviderInitiator        : HHH000021: Bytecode provider name : bytebuddy
2023-11-22T10:27:09.081+07:00  INFO 15936 --- [restartedMain] o.s.o.j.p.SpringPersistenceUnitInfo      : No LoadTimeWeaver setup: ignoring JPA class transformer
2023-11-22T10:27:09.095+07:00  INFO 15936 --- [restartedMain] com.zaxxer.hikari.HikariDataSource       : HikariPool-1 - Starting...
2023-11-22T10:27:09.302+07:00  INFO 15936 --- [restartedMain] com.zaxxer.hikari.pool.HikariPool        : HikariPool-1 - Added connection com.mysql.cj.jdbc.ConnectionImpl@2790cc99
2023-11-22T10:27:09.304+07:00  INFO 15936 --- [restartedMain] com.zaxxer.hikari.HikariDataSource       : HikariPool-1 - Start completed.
2023-11-22T10:27:09.340+07:00  WARN 15936 --- [restartedMain] org.hibernate.orm.deprecation            : HHH90000026: MySQL8Dialect has been deprecated; use org.hibernate.dialect.MySQLDialect instead
2023-11-22T10:27:09.523+07:00  INFO 15936 --- [restartedMain] o.h.b.i.BytecodeProviderInitiator        : HHH000021: Bytecode provider name : bytebuddy
2023-11-22T10:27:09.988+07:00  INFO 15936 --- [restartedMain] o.h.e.t.j.p.i.JtaPlatformInitiator       : HHH000490: Using JtaPlatform implementation: [org.hibernate.engine.transaction.jta.platform.internal.NoJtaPlatform]
2023-11-22T10:27:10.038+07:00  INFO 15936 --- [restartedMain] j.LocalContainerEntityManagerFactoryBean : Initialized JPA EntityManagerFactory for persistence unit 'default'
2023-11-22T10:27:10.231+07:00  INFO 15936 --- [restartedMain] o.s.d.j.r.query.QueryEnhancerFactory     : Hibernate is in classpath; If applicable, HQL parser will be used.
2023-11-22T10:27:10.605+07:00  WARN 15936 --- [restartedMain] JpaBaseConfiguration$JpaWebConfiguration : spring.jpa.open-in-view is enabled by default. Therefore, database queries may be performed during view rendering. Explicitly configure spring.jpa.open-in-view to disable this warning
2023-11-22T10:27:10.678+07:00  INFO 15936 --- [restartedMain] o.s.b.a.w.s.WelcomePageHandlerMapping    : Adding welcome page template: index
2023-11-22T10:27:10.971+07:00  INFO 15936 --- [restartedMain] o.s.s.web.DefaultSecurityFilterChain     : Will secure any request with [org.springframework.security.web.session.DisableEncodeUrlFilter@49780269, org.springframework.security.web.context.request.async.WebAsyncManagerIntegrationFilter@5e93e7b3, org.springframework.security.web.context.SecurityContextHolderFilter@1ca691ee, org.springframework.security.web.header.HeaderWriterFilter@76197b84, org.springframework.security.web.csrf.CsrfFilter@2d04204c, org.springframework.security.web.authentication.logout.LogoutFilter@79650c59, org.springframework.security.web.authentication.UsernamePasswordAuthenticationFilter@253868fd, org.springframework.security.web.savedrequest.RequestCacheAwareFilter@2bafa2a5, org.springframework.security.web.servletapi.SecurityContextHolderAwareRequestFilter@5f6365ba, org.springframework.security.web.authentication.rememberme.RememberMeAuthenticationFilter@362a0680, org.springframework.security.web.authentication.AnonymousAuthenticationFilter@38ebe4e7, org.springframework.security.web.access.ExceptionTranslationFilter@2600819e, org.springframework.security.web.access.intercept.AuthorizationFilter@9420217]
2023-11-22T10:27:10.973+07:00  WARN 15936 --- [restartedMain] o.s.s.c.a.web.builders.WebSecurity       : You are asking Spring Security to ignore Mvc [pattern='/images/**']. This is not recommended -- please use permitAll via HttpSecurity#authorizeHttpRequests instead.
2023-11-22T10:27:10.973+07:00  INFO 15936 --- [restartedMain] o.s.s.web.DefaultSecurityFilterChain     : Will not secure Mvc [pattern='/images/**']
2023-11-22T10:27:10.973+07:00  WARN 15936 --- [restartedMain] o.s.s.c.a.web.builders.WebSecurity       : You are asking Spring Security to ignore Mvc [pattern='/js/**']. This is not recommended -- please use permitAll via HttpSecurity#authorizeHttpRequests instead.
2023-11-22T10:27:10.973+07:00  INFO 15936 --- [restartedMain] o.s.s.web.DefaultSecurityFilterChain     : Will not secure Mvc [pattern='/js/**']
2023-11-22T10:27:10.973+07:00  WARN 15936 --- [restartedMain] o.s.s.c.a.web.builders.WebSecurity       : You are asking Spring Security to ignore Mvc [pattern='/webjars/**']. This is not recommended -- please use permitAll via HttpSecurity#authorizeHttpRequests instead.
2023-11-22T10:27:10.973+07:00  INFO 15936 --- [restartedMain] o.s.s.web.DefaultSecurityFilterChain     : Will not secure Mvc [pattern='/webjars/**']
2023-11-22T10:27:10.973+07:00  WARN 15936 --- [restartedMain] o.s.s.c.a.web.builders.WebSecurity       : You are asking Spring Security to ignore Mvc [pattern='/fontawesome/**']. This is not recommended -- please use permitAll via HttpSecurity#authorizeHttpRequests instead.
2023-11-22T10:27:10.973+07:00  INFO 15936 --- [restartedMain] o.s.s.web.DefaultSecurityFilterChain     : Will not secure Mvc [pattern='/fontawesome/**']
2023-11-22T10:27:10.973+07:00  WARN 15936 --- [restartedMain] o.s.s.c.a.web.builders.WebSecurity       : You are asking Spring Security to ignore Mvc [pattern='/webfonts/**']. This is not recommended -- please use permitAll via HttpSecurity#authorizeHttpRequests instead.
2023-11-22T10:27:10.973+07:00  INFO 15936 --- [restartedMain] o.s.s.web.DefaultSecurityFilterChain     : Will not secure Mvc [pattern='/webfonts/**']
2023-11-22T10:27:11.120+07:00  INFO 15936 --- [restartedMain] o.s.b.d.a.OptionalLiveReloadServer       : LiveReload server is running on port 35729
2023-11-22T10:27:11.144+07:00  INFO 15936 --- [restartedMain] o.s.b.w.embedded.tomcat.TomcatWebServer  : Tomcat started on port(s): 8080 (http) with context path '/ShopmeAdmin'
2023-11-22T10:27:11.150+07:00  INFO 15936 --- [restartedMain] c.shopme.admin.ShopmeBackendApplication  : Started ShopmeBackendApplication in 3.823 seconds (process running for 4.374)
2023-11-22T10:27:17.243+07:00  INFO 15936 --- [http-nio-8080-exec-1] o.a.c.c.C.[.[localhost].[/ShopmeAdmin]   : Initializing Spring DispatcherServlet 'dispatcherServlet'
2023-11-22T10:27:17.243+07:00  INFO 15936 --- [http-nio-8080-exec-1] o.s.web.servlet.DispatcherServlet        : Initializing Servlet 'dispatcherServlet'
2023-11-22T10:27:17.244+07:00  INFO 15936 --- [http-nio-8080-exec-1] o.s.web.servlet.DispatcherServlet        : Completed initialization in 1 ms
2023-11-22T10:27:21.827+07:00  WARN 15936 --- [http-nio-8080-exec-9] actStandardFragmentInsertionTagProcessor : [THYMELEAF][http-nio-8080-exec-9][error/404] Deprecated unwrapped fragment expression "navigation :: menu" found in template error/404, line 28, col 8. Please use the complete syntax of fragment expressions instead ("~{navigation :: menu}"). The old, unwrapped syntax for fragment expressions will be removed in future versions of Thymeleaf.
2023-11-22T10:27:21.863+07:00  WARN 15936 --- [http-nio-8080-exec-9] actStandardFragmentInsertionTagProcessor : [THYMELEAF][http-nio-8080-exec-9][error/404] Deprecated unwrapped fragment expression "fragments :: footer" found in template error/404, line 34, col 8. Please use the complete syntax of fragment expressions instead ("~{fragments :: footer}"). The old, unwrapped syntax for fragment expressions will be removed in future versions of Thymeleaf.
2023-11-22T10:27:24.136+07:00  WARN 15936 --- [http-nio-8080-exec-10] actStandardFragmentInsertionTagProcessor : [THYMELEAF][http-nio-8080-exec-10][users/users] Deprecated unwrapped fragment expression "navigation :: menu" found in template users/users, line 35, col 10. Please use the complete syntax of fragment expressions instead ("~{navigation :: menu}"). The old, unwrapped syntax for fragment expressions will be removed in future versions of Thymeleaf.
2023-11-22T10:27:24.158+07:00  WARN 15936 --- [http-nio-8080-exec-10] actStandardFragmentInsertionTagProcessor : [THYMELEAF][http-nio-8080-exec-10][users/users] Deprecated unwrapped fragment expression "fragments :: column_link('id', 'User ID', 'tag')" found in template users/users, line 81, col 29. Please use the complete syntax of fragment expressions instead ("~{fragments :: column_link('id', 'User ID', 'tag')}"). The old, unwrapped syntax for fragment expressions will be removed in future versions of Thymeleaf.
2023-11-22T10:27:24.165+07:00  WARN 15936 --- [http-nio-8080-exec-10] actStandardFragmentInsertionTagProcessor : [THYMELEAF][http-nio-8080-exec-10][users/users] Deprecated unwrapped fragment expression "fragments :: column_link('email', 'Email', 'tag')" found in template users/users, line 85, col 29. Please use the complete syntax of fragment expressions instead ("~{fragments :: column_link('email', 'Email', 'tag')}"). The old, unwrapped syntax for fragment expressions will be removed in future versions of Thymeleaf.
2023-11-22T10:27:24.167+07:00  WARN 15936 --- [http-nio-8080-exec-10] actStandardFragmentInsertionTagProcessor : [THYMELEAF][http-nio-8080-exec-10][users/users] Deprecated unwrapped fragment expression "fragments :: column_link('firstName', 'First Name', 'none')" found in template users/users, line 87, col 25. Please use the complete syntax of fragment expressions instead ("~{fragments :: column_link('firstName', 'First Name', 'none')}"). The old, unwrapped syntax for fragment expressions will be removed in future versions of Thymeleaf.
2023-11-22T10:27:24.169+07:00  WARN 15936 --- [http-nio-8080-exec-10] actStandardFragmentInsertionTagProcessor : [THYMELEAF][http-nio-8080-exec-10][users/users] Deprecated unwrapped fragment expression "fragments :: column_link('lastName', 'Last Name', 'none')" found in template users/users, line 88, col 25. Please use the complete syntax of fragment expressions instead ("~{fragments :: column_link('lastName', 'Last Name', 'none')}"). The old, unwrapped syntax for fragment expressions will be removed in future versions of Thymeleaf.
2023-11-22T10:27:24.201+07:00  WARN 15936 --- [http-nio-8080-exec-10] actStandardFragmentInsertionTagProcessor : [THYMELEAF][http-nio-8080-exec-10][users/users] Deprecated unwrapped fragment expression "fragments :: page_link(1, 'First')" found in template users/users, line 170, col 24. Please use the complete syntax of fragment expressions instead ("~{fragments :: page_link(1, 'First')}"). The old, unwrapped syntax for fragment expressions will be removed in future versions of Thymeleaf.
2023-11-22T10:27:24.203+07:00  WARN 15936 --- [http-nio-8080-exec-10] actStandardFragmentInsertionTagProcessor : [THYMELEAF][http-nio-8080-exec-10][users/users] Deprecated unwrapped fragment expression "fragments :: page_link(${currentPage - 1}, '«')" found in template users/users, line 173, col 24. Please use the complete syntax of fragment expressions instead ("~{fragments :: page_link(${currentPage - 1}, '«')}"). The old, unwrapped syntax for fragment expressions will be removed in future versions of Thymeleaf.
2023-11-22T10:27:24.208+07:00  WARN 15936 --- [http-nio-8080-exec-10] actStandardFragmentInsertionTagProcessor : [THYMELEAF][http-nio-8080-exec-10][users/users] Deprecated unwrapped fragment expression "fragments :: page_link(${i}, ${i})" found in template users/users, line 177, col 24. Please use the complete syntax of fragment expressions instead ("~{fragments :: page_link(${i}, ${i})}"). The old, unwrapped syntax for fragment expressions will be removed in future versions of Thymeleaf.
2023-11-22T10:27:24.210+07:00  WARN 15936 --- [http-nio-8080-exec-10] actStandardFragmentInsertionTagProcessor : [THYMELEAF][http-nio-8080-exec-10][users/users] Deprecated unwrapped fragment expression "fragments :: page_link(${i}, ${i})" found in template users/users, line 177, col 24. Please use the complete syntax of fragment expressions instead ("~{fragments :: page_link(${i}, ${i})}"). The old, unwrapped syntax for fragment expressions will be removed in future versions of Thymeleaf.
2023-11-22T10:27:24.213+07:00  WARN 15936 --- [http-nio-8080-exec-10] actStandardFragmentInsertionTagProcessor : [THYMELEAF][http-nio-8080-exec-10][users/users] Deprecated unwrapped fragment expression "fragments :: page_link(${currentPage + 1}, '»')" found in template users/users, line 181, col 24. Please use the complete syntax of fragment expressions instead ("~{fragments :: page_link(${currentPage + 1}, '»')}"). The old, unwrapped syntax for fragment expressions will be removed in future versions of Thymeleaf.
2023-11-22T10:27:24.214+07:00  WARN 15936 --- [http-nio-8080-exec-10] actStandardFragmentInsertionTagProcessor : [THYMELEAF][http-nio-8080-exec-10][users/users] Deprecated unwrapped fragment expression "fragments :: page_link(${totalPage}, 'Last')" found in template users/users, line 185, col 24. Please use the complete syntax of fragment expressions instead ("~{fragments :: page_link(${totalPage}, 'Last')}"). The old, unwrapped syntax for fragment expressions will be removed in future versions of Thymeleaf.
2023-11-22T10:27:24.216+07:00  WARN 15936 --- [http-nio-8080-exec-10] actStandardFragmentInsertionTagProcessor : [THYMELEAF][http-nio-8080-exec-10][users/users] Deprecated unwrapped fragment expression "fragments :: footer" found in template users/users, line 211, col 10. Please use the complete syntax of fragment expressions instead ("~{fragments :: footer}"). The old, unwrapped syntax for fragment expressions will be removed in future versions of Thymeleaf.
2023-11-22T10:27:25.565+07:00  WARN 15936 --- [http-nio-8080-exec-7] actStandardFragmentInsertionTagProcessor : [THYMELEAF][http-nio-8080-exec-7][users/user_form] Deprecated unwrapped fragment expression "navigation :: menu" found in template users/user_form, line 28, col 10. Please use the complete syntax of fragment expressions instead ("~{navigation :: menu}"). The old, unwrapped syntax for fragment expressions will be removed in future versions of Thymeleaf.
2023-11-22T10:27:25.605+07:00  WARN 15936 --- [http-nio-8080-exec-7] actStandardFragmentInsertionTagProcessor : [THYMELEAF][http-nio-8080-exec-7][users/user_form] Deprecated unwrapped fragment expression "fragments :: footer" found in template users/user_form, line 122, col 10. Please use the complete syntax of fragment expressions instead ("~{fragments :: footer}"). The old, unwrapped syntax for fragment expressions will be removed in future versions of Thymeleaf.
2023-11-22T10:27:30.245+07:00  WARN 15936 --- [http-nio-8080-exec-8] actStandardFragmentInsertionTagProcessor : [THYMELEAF][http-nio-8080-exec-8][users/users] Deprecated unwrapped fragment expression "navigation :: menu" found in template users/users, line 35, col 10. Please use the complete syntax of fragment expressions instead ("~{navigation :: menu}"). The old, unwrapped syntax for fragment expressions will be removed in future versions of Thymeleaf.
2023-11-22T10:27:30.264+07:00  WARN 15936 --- [http-nio-8080-exec-8] actStandardFragmentInsertionTagProcessor : [THYMELEAF][http-nio-8080-exec-8][users/users] Deprecated unwrapped fragment expression "fragments :: column_link('id', 'User ID', 'tag')" found in template users/users, line 81, col 29. Please use the complete syntax of fragment expressions instead ("~{fragments :: column_link('id', 'User ID', 'tag')}"). The old, unwrapped syntax for fragment expressions will be removed in future versions of Thymeleaf.
2023-11-22T10:27:30.266+07:00  WARN 15936 --- [http-nio-8080-exec-8] actStandardFragmentInsertionTagProcessor : [THYMELEAF][http-nio-8080-exec-8][users/users] Deprecated unwrapped fragment expression "fragments :: column_link('email', 'Email', 'tag')" found in template users/users, line 85, col 29. Please use the complete syntax of fragment expressions instead ("~{fragments :: column_link('email', 'Email', 'tag')}"). The old, unwrapped syntax for fragment expressions will be removed in future versions of Thymeleaf.
2023-11-22T10:27:30.268+07:00  WARN 15936 --- [http-nio-8080-exec-8] actStandardFragmentInsertionTagProcessor : [THYMELEAF][http-nio-8080-exec-8][users/users] Deprecated unwrapped fragment expression "fragments :: column_link('firstName', 'First Name', 'none')" found in template users/users, line 87, col 25. Please use the complete syntax of fragment expressions instead ("~{fragments :: column_link('firstName', 'First Name', 'none')}"). The old, unwrapped syntax for fragment expressions will be removed in future versions of Thymeleaf.
2023-11-22T10:27:30.269+07:00  WARN 15936 --- [http-nio-8080-exec-8] actStandardFragmentInsertionTagProcessor : [THYMELEAF][http-nio-8080-exec-8][users/users] Deprecated unwrapped fragment expression "fragments :: column_link('lastName', 'Last Name', 'none')" found in template users/users, line 88, col 25. Please use the complete syntax of fragment expressions instead ("~{fragments :: column_link('lastName', 'Last Name', 'none')}"). The old, unwrapped syntax for fragment expressions will be removed in future versions of Thymeleaf.
2023-11-22T10:27:30.293+07:00  WARN 15936 --- [http-nio-8080-exec-8] actStandardFragmentInsertionTagProcessor : [THYMELEAF][http-nio-8080-exec-8][users/users] Deprecated unwrapped fragment expression "fragments :: page_link(1, 'First')" found in template users/users, line 170, col 24. Please use the complete syntax of fragment expressions instead ("~{fragments :: page_link(1, 'First')}"). The old, unwrapped syntax for fragment expressions will be removed in future versions of Thymeleaf.
2023-11-22T10:27:30.294+07:00  WARN 15936 --- [http-nio-8080-exec-8] actStandardFragmentInsertionTagProcessor : [THYMELEAF][http-nio-8080-exec-8][users/users] Deprecated unwrapped fragment expression "fragments :: page_link(${currentPage - 1}, '«')" found in template users/users, line 173, col 24. Please use the complete syntax of fragment expressions instead ("~{fragments :: page_link(${currentPage - 1}, '«')}"). The old, unwrapped syntax for fragment expressions will be removed in future versions of Thymeleaf.
2023-11-22T10:27:30.296+07:00  WARN 15936 --- [http-nio-8080-exec-8] actStandardFragmentInsertionTagProcessor : [THYMELEAF][http-nio-8080-exec-8][users/users] Deprecated unwrapped fragment expression "fragments :: page_link(${i}, ${i})" found in template users/users, line 177, col 24. Please use the complete syntax of fragment expressions instead ("~{fragments :: page_link(${i}, ${i})}"). The old, unwrapped syntax for fragment expressions will be removed in future versions of Thymeleaf.
2023-11-22T10:27:30.298+07:00  WARN 15936 --- [http-nio-8080-exec-8] actStandardFragmentInsertionTagProcessor : [THYMELEAF][http-nio-8080-exec-8][users/users] Deprecated unwrapped fragment expression "fragments :: page_link(${i}, ${i})" found in template users/users, line 177, col 24. Please use the complete syntax of fragment expressions instead ("~{fragments :: page_link(${i}, ${i})}"). The old, unwrapped syntax for fragment expressions will be removed in future versions of Thymeleaf.
2023-11-22T10:27:30.300+07:00  WARN 15936 --- [http-nio-8080-exec-8] actStandardFragmentInsertionTagProcessor : [THYMELEAF][http-nio-8080-exec-8][users/users] Deprecated unwrapped fragment expression "fragments :: page_link(${currentPage + 1}, '»')" found in template users/users, line 181, col 24. Please use the complete syntax of fragment expressions instead ("~{fragments :: page_link(${currentPage + 1}, '»')}"). The old, unwrapped syntax for fragment expressions will be removed in future versions of Thymeleaf.
2023-11-22T10:27:30.301+07:00  WARN 15936 --- [http-nio-8080-exec-8] actStandardFragmentInsertionTagProcessor : [THYMELEAF][http-nio-8080-exec-8][users/users] Deprecated unwrapped fragment expression "fragments :: page_link(${totalPage}, 'Last')" found in template users/users, line 185, col 24. Please use the complete syntax of fragment expressions instead ("~{fragments :: page_link(${totalPage}, 'Last')}"). The old, unwrapped syntax for fragment expressions will be removed in future versions of Thymeleaf.
2023-11-22T10:27:30.303+07:00  WARN 15936 --- [http-nio-8080-exec-8] actStandardFragmentInsertionTagProcessor : [THYMELEAF][http-nio-8080-exec-8][users/users] Deprecated unwrapped fragment expression "fragments :: footer" found in template users/users, line 211, col 10. Please use the complete syntax of fragment expressions instead ("~{fragments :: footer}"). The old, unwrapped syntax for fragment expressions will be removed in future versions of Thymeleaf.
2023-11-22T10:27:33.170+07:00  WARN 15936 --- [http-nio-8080-exec-8] actStandardFragmentInsertionTagProcessor : [THYMELEAF][http-nio-8080-exec-8][users/users] Deprecated unwrapped fragment expression "navigation :: menu" found in template users/users, line 35, col 10. Please use the complete syntax of fragment expressions instead ("~{navigation :: menu}"). The old, unwrapped syntax for fragment expressions will be removed in future versions of Thymeleaf.
2023-11-22T10:27:33.184+07:00  WARN 15936 --- [http-nio-8080-exec-8] actStandardFragmentInsertionTagProcessor : [THYMELEAF][http-nio-8080-exec-8][users/users] Deprecated unwrapped fragment expression "fragments :: column_link('id', 'User ID', 'tag')" found in template users/users, line 81, col 29. Please use the complete syntax of fragment expressions instead ("~{fragments :: column_link('id', 'User ID', 'tag')}"). The old, unwrapped syntax for fragment expressions will be removed in future versions of Thymeleaf.
2023-11-22T10:27:33.186+07:00  WARN 15936 --- [http-nio-8080-exec-8] actStandardFragmentInsertionTagProcessor : [THYMELEAF][http-nio-8080-exec-8][users/users] Deprecated unwrapped fragment expression "fragments :: column_link('email', 'Email', 'tag')" found in template users/users, line 85, col 29. Please use the complete syntax of fragment expressions instead ("~{fragments :: column_link('email', 'Email', 'tag')}"). The old, unwrapped syntax for fragment expressions will be removed in future versions of Thymeleaf.
2023-11-22T10:27:33.187+07:00  WARN 15936 --- [http-nio-8080-exec-8] actStandardFragmentInsertionTagProcessor : [THYMELEAF][http-nio-8080-exec-8][users/users] Deprecated unwrapped fragment expression "fragments :: column_link('firstName', 'First Name', 'none')" found in template users/users, line 87, col 25. Please use the complete syntax of fragment expressions instead ("~{fragments :: column_link('firstName', 'First Name', 'none')}"). The old, unwrapped syntax for fragment expressions will be removed in future versions of Thymeleaf.
2023-11-22T10:27:33.188+07:00  WARN 15936 --- [http-nio-8080-exec-8] actStandardFragmentInsertionTagProcessor : [THYMELEAF][http-nio-8080-exec-8][users/users] Deprecated unwrapped fragment expression "fragments :: column_link('lastName', 'Last Name', 'none')" found in template users/users, line 88, col 25. Please use the complete syntax of fragment expressions instead ("~{fragments :: column_link('lastName', 'Last Name', 'none')}"). The old, unwrapped syntax for fragment expressions will be removed in future versions of Thymeleaf.
2023-11-22T10:27:33.206+07:00  WARN 15936 --- [http-nio-8080-exec-8] actStandardFragmentInsertionTagProcessor : [THYMELEAF][http-nio-8080-exec-8][users/users] Deprecated unwrapped fragment expression "fragments :: page_link(1, 'First')" found in template users/users, line 170, col 24. Please use the complete syntax of fragment expressions instead ("~{fragments :: page_link(1, 'First')}"). The old, unwrapped syntax for fragment expressions will be removed in future versions of Thymeleaf.
2023-11-22T10:27:33.208+07:00  WARN 15936 --- [http-nio-8080-exec-8] actStandardFragmentInsertionTagProcessor : [THYMELEAF][http-nio-8080-exec-8][users/users] Deprecated unwrapped fragment expression "fragments :: page_link(${currentPage - 1}, '«')" found in template users/users, line 173, col 24. Please use the complete syntax of fragment expressions instead ("~{fragments :: page_link(${currentPage - 1}, '«')}"). The old, unwrapped syntax for fragment expressions will be removed in future versions of Thymeleaf.
2023-11-22T10:27:33.209+07:00  WARN 15936 --- [http-nio-8080-exec-8] actStandardFragmentInsertionTagProcessor : [THYMELEAF][http-nio-8080-exec-8][users/users] Deprecated unwrapped fragment expression "fragments :: page_link(${i}, ${i})" found in template users/users, line 177, col 24. Please use the complete syntax of fragment expressions instead ("~{fragments :: page_link(${i}, ${i})}"). The old, unwrapped syntax for fragment expressions will be removed in future versions of Thymeleaf.
2023-11-22T10:27:33.211+07:00  WARN 15936 --- [http-nio-8080-exec-8] actStandardFragmentInsertionTagProcessor : [THYMELEAF][http-nio-8080-exec-8][users/users] Deprecated unwrapped fragment expression "fragments :: page_link(${i}, ${i})" found in template users/users, line 177, col 24. Please use the complete syntax of fragment expressions instead ("~{fragments :: page_link(${i}, ${i})}"). The old, unwrapped syntax for fragment expressions will be removed in future versions of Thymeleaf.
2023-11-22T10:27:33.212+07:00  WARN 15936 --- [http-nio-8080-exec-8] actStandardFragmentInsertionTagProcessor : [THYMELEAF][http-nio-8080-exec-8][users/users] Deprecated unwrapped fragment expression "fragments :: page_link(${currentPage + 1}, '»')" found in template users/users, line 181, col 24. Please use the complete syntax of fragment expressions instead ("~{fragments :: page_link(${currentPage + 1}, '»')}"). The old, unwrapped syntax for fragment expressions will be removed in future versions of Thymeleaf.
2023-11-22T10:27:33.216+07:00  WARN 15936 --- [http-nio-8080-exec-8] actStandardFragmentInsertionTagProcessor : [THYMELEAF][http-nio-8080-exec-8][users/users] Deprecated unwrapped fragment expression "fragments :: page_link(${totalPage}, 'Last')" found in template users/users, line 185, col 24. Please use the complete syntax of fragment expressions instead ("~{fragments :: page_link(${totalPage}, 'Last')}"). The old, unwrapped syntax for fragment expressions will be removed in future versions of Thymeleaf.
2023-11-22T10:27:33.218+07:00  WARN 15936 --- [http-nio-8080-exec-8] actStandardFragmentInsertionTagProcessor : [THYMELEAF][http-nio-8080-exec-8][users/users] Deprecated unwrapped fragment expression "fragments :: footer" found in template users/users, line 211, col 10. Please use the complete syntax of fragment expressions instead ("~{fragments :: footer}"). The old, unwrapped syntax for fragment expressions will be removed in future versions of Thymeleaf.
2023-11-22T10:27:38.048+07:00  WARN 15936 --- [http-nio-8080-exec-3] actStandardFragmentInsertionTagProcessor : [THYMELEAF][http-nio-8080-exec-3][users/user_form] Deprecated unwrapped fragment expression "navigation :: menu" found in template users/user_form, line 28, col 10. Please use the complete syntax of fragment expressions instead ("~{navigation :: menu}"). The old, unwrapped syntax for fragment expressions will be removed in future versions of Thymeleaf.
2023-11-22T10:27:38.072+07:00  WARN 15936 --- [http-nio-8080-exec-3] actStandardFragmentInsertionTagProcessor : [THYMELEAF][http-nio-8080-exec-3][users/user_form] Deprecated unwrapped fragment expression "fragments :: footer" found in template users/user_form, line 122, col 10. Please use the complete syntax of fragment expressions instead ("~{fragments :: footer}"). The old, unwrapped syntax for fragment expressions will be removed in future versions of Thymeleaf.
2023-11-22T10:28:10.272+07:00 ERROR 15936 --- [http-nio-8080-exec-5] com.shopme.admin.utils.FileUploadUtil    : Could not list directory: user-photos\32
2023-11-22T10:28:10.305+07:00  WARN 15936 --- [http-nio-8080-exec-5] actStandardFragmentInsertionTagProcessor : [THYMELEAF][http-nio-8080-exec-5][users/users] Deprecated unwrapped fragment expression "navigation :: menu" found in template users/users, line 35, col 10. Please use the complete syntax of fragment expressions instead ("~{navigation :: menu}"). The old, unwrapped syntax for fragment expressions will be removed in future versions of Thymeleaf.
2023-11-22T10:28:10.324+07:00  WARN 15936 --- [http-nio-8080-exec-5] actStandardFragmentInsertionTagProcessor : [THYMELEAF][http-nio-8080-exec-5][users/users] Deprecated unwrapped fragment expression "fragments :: column_link('id', 'User ID', 'tag')" found in template users/users, line 81, col 29. Please use the complete syntax of fragment expressions instead ("~{fragments :: column_link('id', 'User ID', 'tag')}"). The old, unwrapped syntax for fragment expressions will be removed in future versions of Thymeleaf.
2023-11-22T10:28:10.326+07:00  WARN 15936 --- [http-nio-8080-exec-5] actStandardFragmentInsertionTagProcessor : [THYMELEAF][http-nio-8080-exec-5][users/users] Deprecated unwrapped fragment expression "fragments :: column_link('email', 'Email', 'tag')" found in template users/users, line 85, col 29. Please use the complete syntax of fragment expressions instead ("~{fragments :: column_link('email', 'Email', 'tag')}"). The old, unwrapped syntax for fragment expressions will be removed in future versions of Thymeleaf.
2023-11-22T10:28:10.328+07:00  WARN 15936 --- [http-nio-8080-exec-5] actStandardFragmentInsertionTagProcessor : [THYMELEAF][http-nio-8080-exec-5][users/users] Deprecated unwrapped fragment expression "fragments :: column_link('firstName', 'First Name', 'none')" found in template users/users, line 87, col 25. Please use the complete syntax of fragment expressions instead ("~{fragments :: column_link('firstName', 'First Name', 'none')}"). The old, unwrapped syntax for fragment expressions will be removed in future versions of Thymeleaf.
2023-11-22T10:28:10.329+07:00  WARN 15936 --- [http-nio-8080-exec-5] actStandardFragmentInsertionTagProcessor : [THYMELEAF][http-nio-8080-exec-5][users/users] Deprecated unwrapped fragment expression "fragments :: column_link('lastName', 'Last Name', 'none')" found in template users/users, line 88, col 25. Please use the complete syntax of fragment expressions instead ("~{fragments :: column_link('lastName', 'Last Name', 'none')}"). The old, unwrapped syntax for fragment expressions will be removed in future versions of Thymeleaf.
2023-11-22T10:28:10.337+07:00  WARN 15936 --- [http-nio-8080-exec-5] actStandardFragmentInsertionTagProcessor : [THYMELEAF][http-nio-8080-exec-5][users/users] Deprecated unwrapped fragment expression "fragments :: page_link(1, 'First')" found in template users/users, line 170, col 24. Please use the complete syntax of fragment expressions instead ("~{fragments :: page_link(1, 'First')}"). The old, unwrapped syntax for fragment expressions will be removed in future versions of Thymeleaf.
2023-11-22T10:28:10.338+07:00  WARN 15936 --- [http-nio-8080-exec-5] actStandardFragmentInsertionTagProcessor : [THYMELEAF][http-nio-8080-exec-5][users/users] Deprecated unwrapped fragment expression "fragments :: page_link(${currentPage - 1}, '«')" found in template users/users, line 173, col 24. Please use the complete syntax of fragment expressions instead ("~{fragments :: page_link(${currentPage - 1}, '«')}"). The old, unwrapped syntax for fragment expressions will be removed in future versions of Thymeleaf.
2023-11-22T10:28:10.340+07:00  WARN 15936 --- [http-nio-8080-exec-5] actStandardFragmentInsertionTagProcessor : [THYMELEAF][http-nio-8080-exec-5][users/users] Deprecated unwrapped fragment expression "fragments :: page_link(${i}, ${i})" found in template users/users, line 177, col 24. Please use the complete syntax of fragment expressions instead ("~{fragments :: page_link(${i}, ${i})}"). The old, unwrapped syntax for fragment expressions will be removed in future versions of Thymeleaf.
2023-11-22T10:28:10.343+07:00  WARN 15936 --- [http-nio-8080-exec-5] actStandardFragmentInsertionTagProcessor : [THYMELEAF][http-nio-8080-exec-5][users/users] Deprecated unwrapped fragment expression "fragments :: page_link(${currentPage + 1}, '»')" found in template users/users, line 181, col 24. Please use the complete syntax of fragment expressions instead ("~{fragments :: page_link(${currentPage + 1}, '»')}"). The old, unwrapped syntax for fragment expressions will be removed in future versions of Thymeleaf.
2023-11-22T10:28:10.344+07:00  WARN 15936 --- [http-nio-8080-exec-5] actStandardFragmentInsertionTagProcessor : [THYMELEAF][http-nio-8080-exec-5][users/users] Deprecated unwrapped fragment expression "fragments :: page_link(${totalPage}, 'Last')" found in template users/users, line 185, col 24. Please use the complete syntax of fragment expressions instead ("~{fragments :: page_link(${totalPage}, 'Last')}"). The old, unwrapped syntax for fragment expressions will be removed in future versions of Thymeleaf.
2023-11-22T10:28:10.346+07:00  WARN 15936 --- [http-nio-8080-exec-5] actStandardFragmentInsertionTagProcessor : [THYMELEAF][http-nio-8080-exec-5][users/users] Deprecated unwrapped fragment expression "fragments :: footer" found in template users/users, line 211, col 10. Please use the complete syntax of fragment expressions instead ("~{fragments :: footer}"). The old, unwrapped syntax for fragment expressions will be removed in future versions of Thymeleaf.
2023-11-22T10:28:31.463+07:00  INFO 15936 --- [SpringApplicationShutdownHook] j.LocalContainerEntityManagerFactoryBean : Closing JPA EntityManagerFactory for persistence unit 'default'
2023-11-22T10:28:31.465+07:00  INFO 15936 --- [SpringApplicationShutdownHook] com.zaxxer.hikari.HikariDataSource       : HikariPool-1 - Shutdown initiated...
2023-11-22T10:28:31.469+07:00  INFO 15936 --- [SpringApplicationShutdownHook] com.zaxxer.hikari.HikariDataSource       : HikariPool-1 - Shutdown completed.
